app/build/outputs/logs/manifest-merger-release-report.txt
-- Merging decision tree log ---
manifest
ADDED from src\main\AndroidManifest.xml:2:1-37:12
INJECTED from src\main\AndroidManifest.xml:2:1-37:12
INJECTED from src\main\AndroidManifest.xml:2:1-37:12
INJECTED from src\main\AndroidManifest.xml:2:1-37:12
MERGED from [com.android.support:design:25.3.1] AndroidManifest.xml:17:1-31:12
MERGED from [com.android.support:appcompat-v7:25.3.1] AndroidManifest.xml:17:1-31:12
MERGED from [com.android.support.constraint:constraint-layout:1.0.2] AndroidManifest.xml:2:1-11:12
MERGED from [com.android.volley:volley:1.1.1] AndroidManifest.xml:2:1-11:12
MERGED from [com.journeyapps:zxing-android-embedded:3.4.0] AndroidManifest.xml:17:1-55:12
MERGED from [com.android.support:transition:25.3.1] AndroidManifest.xml:17:1-28:12
MERGED from [com.google.firebase:firebase-messaging:17.5.0] AndroidManifest.xml:17:1-37:12
MERGED from [com.google.firebase:firebase-core:16.0.1] AndroidManifest.xml:2:1-9:12
MERGED from [com.google.firebase:firebase-measurement-connector-impl:16.0.1] AndroidManifest.xml:17:1-34:12
MERGED from [com.google.firebase:firebase-analytics:16.0.1] AndroidManifest.xml:17:1-55:12
MERGED from [com.google.firebase:firebase-analytics-impl:16.1.1] AndroidManifest.xml:17:1-40:12
MERGED from [com.google.firebase:firebase-iid:17.1.1] AndroidManifest.xml:17:1-59:12
MERGED from [com.google.firebase:firebase-common:16.1.0] AndroidManifest.xml:2:1-19:12
MERGED from [com.google.firebase:firebase-iid-interop:16.0.1] AndroidManifest.xml:2:1-10:12
MERGED from [com.google.android.gms:play-services-base:16.0.1] AndroidManifest.xml:17:1-29:12
MERGED from [com.google.android.gms:play-services-tasks:16.0.1] AndroidManifest.xml:2:1-9:12
MERGED from [com.google.firebase:firebase-measurement-connector:17.0.1] AndroidManifest.xml:17:1-25:12
MERGED from [com.google.android.gms:play-services-stats:16.0.1] AndroidManifest.xml:2:1-9:12
MERGED from [com.google.android.gms:play-services-ads-identifier:15.0.1] AndroidManifest.xml:17:1-24:12
MERGED from [com.google.android.gms:play-services-basement:16.0.1] AndroidManifest.xml:17:1-28:12
MERGED from [com.android.support:support-v4:26.1.0] AndroidManifest.xml:17:1-31:12
MERGED from [androidmads.library.qrgenearator:QRGenearator:1.0.3] AndroidManifest.xml:2:1-16:12
MERGED from [com.android.support:animated-vector-drawable:25.3.1] AndroidManifest.xml:17:1-28:12
MERGED from [com.android.support:support-vector-drawable:25.3.1] AndroidManifest.xml:17:1-28:12
MERGED from [com.android.support:recyclerview-v7:25.3.1] AndroidManifest.xml:17:1-26:12
MERGED from [com.android.support:support-fragment:26.1.0] AndroidManifest.xml:17:1-31:12
MERGED from [com.android.support:support-core-ui:26.1.0] AndroidManifest.xml:17:1-31:12
MERGED from [com.android.support:support-media-compat:26.1.0] AndroidManifest.xml:17:1-31:12
MERGED from [com.android.support:support-core-utils:26.1.0] AndroidManifest.xml:17:1-31:12
MERGED from [com.android.support:support-compat:26.1.0] AndroidManifest.xml:17:1-31:12
MERGED from [com.google.android.gms:play-services-measurement-base:16.0.0] AndroidManifest.xml:17:1-24:12
MERGED from [android.arch.lifecycle:runtime:1.0.0] AndroidManifest.xml:17:1-30:12
INJECTED from src\main\AndroidManifest.xml:2:1-37:12
INJECTED from src\main\AndroidManifest.xml:2:1-37:12
INJECTED from src\main\AndroidManifest.xml:2:1-37:12
	package
		ADDED from src\main\AndroidManifest.xml:3:5-48
		INJECTED from src\main\AndroidManifest.xml
		INJECTED from src\main\AndroidManifest.xml
	android:versionName
		INJECTED from src\main\AndroidManifest.xml
		ADDED from src\main\AndroidManifest.xml:2:1-37:12
		INJECTED from src\main\AndroidManifest.xml
	android:versionCode
		INJECTED from src\main\AndroidManifest.xml
		ADDED from src\main\AndroidManifest.xml:2:1-37:12
		INJECTED from src\main\AndroidManifest.xml
	xmlns:android
		ADDED from src\main\AndroidManifest.xml:2:11-69
uses-permission#android.permission.INTERNET
ADDED from src\main\AndroidManifest.xml:5:5-67
MERGED from [com.google.firebase:firebase-measurement-connector-impl:16.0.1] AndroidManifest.xml:22:5-67
MERGED from [com.google.firebase:firebase-measurement-connector-impl:16.0.1] AndroidManifest.xml:22:5-67
MERGED from [com.google.firebase:firebase-analytics:16.0.1] AndroidManifest.xml:23:5-67
MERGED from [com.google.firebase:firebase-analytics:16.0.1] AndroidManifest.xml:23:5-67
MERGED from [com.google.firebase:firebase-analytics-impl:16.1.1] AndroidManifest.xml:23:5-67
MERGED from [com.google.firebase:firebase-analytics-impl:16.1.1] AndroidManifest.xml:23:5-67
MERGED from [com.google.firebase:firebase-iid:17.1.1] AndroidManifest.xml:23:5-67
MERGED from [com.google.firebase:firebase-iid:17.1.1] AndroidManifest.xml:23:5-67
	android:name
		ADDED from src\main\AndroidManifest.xml:5:22-64
uses-permission#android.permission.GET_ACCOUNTS
ADDED from src\main\AndroidManifest.xml:8:5-71
	android:name
		ADDED from src\main\AndroidManifest.xml:8:22-68
uses-permission#android.permission.READ_PROFILE
ADDED from src\main\AndroidManifest.xml:9:5-71
	android:name
		ADDED from src\main\AndroidManifest.xml:9:22-68
uses-permission#android.permission.READ_CONTACTS
ADDED from src\main\AndroidManifest.xml:10:5-72
	android:name
		ADDED from src\main\AndroidManifest.xml:10:22-69
application
ADDED from src\main\AndroidManifest.xml:12:5-35:19
MERGED from [com.android.support:design:25.3.1] AndroidManifest.xml:29:5-20
MERGED from [com.android.support:design:25.3.1] AndroidManifest.xml:29:5-20
MERGED from [com.android.support:appcompat-v7:25.3.1] AndroidManifest.xml:29:5-20
MERGED from [com.android.support:appcompat-v7:25.3.1] AndroidManifest.xml:29:5-20
MERGED from [com.android.support.constraint:constraint-layout:1.0.2] AndroidManifest.xml:9:5-20
MERGED from [com.android.support.constraint:constraint-layout:1.0.2] AndroidManifest.xml:9:5-20
MERGED from [com.android.volley:volley:1.1.1] AndroidManifest.xml:9:5-20
MERGED from [com.android.volley:volley:1.1.1] AndroidManifest.xml:9:5-20
MERGED from [com.journeyapps:zxing-android-embedded:3.4.0] AndroidManifest.xml:45:5-53:19
MERGED from [com.journeyapps:zxing-android-embedded:3.4.0] AndroidManifest.xml:45:5-53:19
MERGED from [com.android.support:transition:25.3.1] AndroidManifest.xml:26:5-20
MERGED from [com.android.support:transition:25.3.1] AndroidManifest.xml:26:5-20
MERGED from [com.google.firebase:firebase-messaging:17.5.0] AndroidManifest.xml:22:5-35:19
MERGED from [com.google.firebase:firebase-messaging:17.5.0] AndroidManifest.xml:22:5-35:19
MERGED from [com.google.firebase:firebase-core:16.0.1] AndroidManifest.xml:7:5-20
MERGED from [com.google.firebase:firebase-core:16.0.1] AndroidManifest.xml:7:5-20
MERGED from [com.google.firebase:firebase-measurement-connector-impl:16.0.1] AndroidManifest.xml:26:5-32:19
MERGED from [com.google.firebase:firebase-measurement-connector-impl:16.0.1] AndroidManifest.xml:26:5-32:19
MERGED from [com.google.firebase:firebase-analytics:16.0.1] AndroidManifest.xml:28:5-53:19
MERGED from [com.google.firebase:firebase-analytics:16.0.1] AndroidManifest.xml:28:5-53:19
MERGED from [com.google.firebase:firebase-analytics-impl:16.1.1] AndroidManifest.xml:28:5-38:19
MERGED from [com.google.firebase:firebase-analytics-impl:16.1.1] AndroidManifest.xml:28:5-38:19
MERGED from [com.google.firebase:firebase-iid:17.1.1] AndroidManifest.xml:28:5-57:19
MERGED from [com.google.firebase:firebase-iid:17.1.1] AndroidManifest.xml:28:5-57:19
MERGED from [com.google.firebase:firebase-common:16.1.0] AndroidManifest.xml:11:5-17:19
MERGED from [com.google.firebase:firebase-common:16.1.0] AndroidManifest.xml:11:5-17:19
MERGED from [com.google.firebase:firebase-iid-interop:16.0.1] AndroidManifest.xml:7:5-8:19
MERGED from [com.google.firebase:firebase-iid-interop:16.0.1] AndroidManifest.xml:7:5-8:19
MERGED from [com.google.android.gms:play-services-base:16.0.1] AndroidManifest.xml:22:5-27:19
MERGED from [com.google.android.gms:play-services-base:16.0.1] AndroidManifest.xml:22:5-27:19
MERGED from [com.google.android.gms:play-services-tasks:16.0.1] AndroidManifest.xml:7:5-20
MERGED from [com.google.android.gms:play-services-tasks:16.0.1] AndroidManifest.xml:7:5-20
MERGED from [com.google.firebase:firebase-measurement-connector:17.0.1] AndroidManifest.xml:22:5-23:19
MERGED from [com.google.firebase:firebase-measurement-connector:17.0.1] AndroidManifest.xml:22:5-23:19
MERGED from [com.google.android.gms:play-services-stats:16.0.1] AndroidManifest.xml:7:5-20
MERGED from [com.google.android.gms:play-services-stats:16.0.1] AndroidManifest.xml:7:5-20
MERGED from [com.google.android.gms:play-services-ads-identifier:15.0.1] AndroidManifest.xml:22:5-20
MERGED from [com.google.android.gms:play-services-ads-identifier:15.0.1] AndroidManifest.xml:22:5-20
MERGED from [com.google.android.gms:play-services-basement:16.0.1] AndroidManifest.xml:22:5-26:19
MERGED from [com.google.android.gms:play-services-basement:16.0.1] AndroidManifest.xml:22:5-26:19
MERGED from [com.android.support:support-v4:26.1.0] AndroidManifest.xml:25:5-29:19
MERGED from [com.android.support:support-v4:26.1.0] AndroidManifest.xml:25:5-29:19
MERGED from [androidmads.library.qrgenearator:QRGenearator:1.0.3] AndroidManifest.xml:13:5-14:19
MERGED from [androidmads.library.qrgenearator:QRGenearator:1.0.3] AndroidManifest.xml:13:5-14:19
MERGED from [com.android.support:animated-vector-drawable:25.3.1] AndroidManifest.xml:26:5-20
MERGED from [com.android.support:animated-vector-drawable:25.3.1] AndroidManifest.xml:26:5-20
MERGED from [com.android.support:support-vector-drawable:25.3.1] AndroidManifest.xml:26:5-20
MERGED from [com.android.support:support-vector-drawable:25.3.1] AndroidManifest.xml:26:5-20
MERGED from [com.android.support:support-fragment:26.1.0] AndroidManifest.xml:25:5-29:19
MERGED from [com.android.support:support-fragment:26.1.0] AndroidManifest.xml:25:5-29:19
MERGED from [com.android.support:support-core-ui:26.1.0] AndroidManifest.xml:25:5-29:19
MERGED from [com.android.support:support-core-ui:26.1.0] AndroidManifest.xml:25:5-29:19
MERGED from [com.android.support:support-media-compat:26.1.0] AndroidManifest.xml:25:5-29:19
MERGED from [com.android.support:support-media-compat:26.1.0] AndroidManifest.xml:25:5-29:19
MERGED from [com.android.support:support-core-utils:26.1.0] AndroidManifest.xml:25:5-29:19
MERGED from [com.android.support:support-core-utils:26.1.0] AndroidManifest.xml:25:5-29:19
MERGED from [com.android.support:support-compat:26.1.0] AndroidManifest.xml:25:5-29:19
MERGED from [com.android.support:support-compat:26.1.0] AndroidManifest.xml:25:5-29:19
MERGED from [com.google.android.gms:play-services-measurement-base:16.0.0] AndroidManifest.xml:22:5-20
MERGED from [com.google.android.gms:play-services-measurement-base:16.0.0] AndroidManifest.xml:22:5-20
MERGED from [android.arch.lifecycle:runtime:1.0.0] AndroidManifest.xml:24:5-28:19
MERGED from [android.arch.lifecycle:runtime:1.0.0] AndroidManifest.xml:24:5-28:19
	android:supportsRtl
		ADDED from src\main\AndroidManifest.xml:16:9-35
	android:label
		ADDED from src\main\AndroidManifest.xml:15:9-41
	android:icon
		ADDED from src\main\AndroidManifest.xml:14:9-43
	android:allowBackup
		ADDED from src\main\AndroidManifest.xml:13:9-35
	android:theme
		ADDED from src\main\AndroidManifest.xml:17:9-40
activity#erp.droid.studentattendancesystem.MainActivity
ADDED from src\main\AndroidManifest.xml:18:9-21:59
	android:label
		ADDED from src\main\AndroidManifest.xml:20:13-45
	android:theme
		ADDED from src\main\AndroidManifest.xml:21:13-56
	android:name
		ADDED from src\main\AndroidManifest.xml:19:13-41
activity#erp.droid.studentattendancesystem.LoginActivity
ADDED from src\main\AndroidManifest.xml:22:9-30:20
	android:label
		ADDED from src\main\AndroidManifest.xml:24:13-45
	android:name
		ADDED from src\main\AndroidManifest.xml:23:13-42
intent-filter#action:name:android.intent.action.MAIN+category:name:android.intent.category.LAUNCHER
ADDED from src\main\AndroidManifest.xml:25:13-29:29
action#android.intent.action.MAIN
ADDED from src\main\AndroidManifest.xml:26:17-69
	android:name
		ADDED from src\main\AndroidManifest.xml:26:25-66
category#android.intent.category.LAUNCHER
ADDED from src\main\AndroidManifest.xml:28:17-77
	android:name
		ADDED from src\main\AndroidManifest.xml:28:27-74
activity#erp.droid.studentattendancesystem.MessageActivity
ADDED from src\main\AndroidManifest.xml:31:9-53
	android:name
		ADDED from src\main\AndroidManifest.xml:31:19-50
activity#erp.droid.studentattendancesystem.LessonActivity
ADDED from src\main\AndroidManifest.xml:32:9-52
	android:name
		ADDED from src\main\AndroidManifest.xml:32:19-49
activity#erp.droid.studentattendancesystem.DisplayQrActivity
ADDED from src\main\AndroidManifest.xml:33:9-64
	android:name
		ADDED from src\main\AndroidManifest.xml:33:19-52
uses-sdk
INJECTED from src\main\AndroidManifest.xml reason: use-sdk injection requested
INJECTED from src\main\AndroidManifest.xml
INJECTED from src\main\AndroidManifest.xml
MERGED from [com.android.support:design:25.3.1] AndroidManifest.xml:21:5-23:62
MERGED from [com.android.support:design:25.3.1] AndroidManifest.xml:21:5-23:62
MERGED from [com.android.support:appcompat-v7:25.3.1] AndroidManifest.xml:21:5-23:78
MERGED from [com.android.support:appcompat-v7:25.3.1] AndroidManifest.xml:21:5-23:78
MERGED from [com.android.support.constraint:constraint-layout:1.0.2] AndroidManifest.xml:5:5-7:41
MERGED from [com.android.support.constraint:constraint-layout:1.0.2] AndroidManifest.xml:5:5-7:41
MERGED from [com.android.volley:volley:1.1.1] AndroidManifest.xml:7:5-43
MERGED from [com.android.volley:volley:1.1.1] AndroidManifest.xml:7:5-43
MERGED from [com.journeyapps:zxing-android-embedded:3.4.0] AndroidManifest.xml:19:5-43
MERGED from [com.journeyapps:zxing-android-embedded:3.4.0] AndroidManifest.xml:19:5-43
MERGED from [com.android.support:transition:25.3.1] AndroidManifest.xml:20:5-44
MERGED from [com.android.support:transition:25.3.1] AndroidManifest.xml:20:5-44
MERGED from [com.google.firebase:firebase-messaging:17.5.0] AndroidManifest.xml:20:5-44
MERGED from [com.google.firebase:firebase-messaging:17.5.0] AndroidManifest.xml:20:5-44
MERGED from [com.google.firebase:firebase-core:16.0.1] AndroidManifest.xml:5:5-44
MERGED from [com.google.firebase:firebase-core:16.0.1] AndroidManifest.xml:5:5-44
MERGED from [com.google.firebase:firebase-measurement-connector-impl:16.0.1] AndroidManifest.xml:20:5-44
MERGED from [com.google.firebase:firebase-measurement-connector-impl:16.0.1] AndroidManifest.xml:20:5-44
MERGED from [com.google.firebase:firebase-analytics:16.0.1] AndroidManifest.xml:20:5-44
MERGED from [com.google.firebase:firebase-analytics:16.0.1] AndroidManifest.xml:20:5-44
MERGED from [com.google.firebase:firebase-analytics-impl:16.1.1] AndroidManifest.xml:20:5-44
MERGED from [com.google.firebase:firebase-analytics-impl:16.1.1] AndroidManifest.xml:20:5-44
MERGED from [com.google.firebase:firebase-iid:17.1.1] AndroidManifest.xml:20:5-44
MERGED from [com.google.firebase:firebase-iid:17.1.1] AndroidManifest.xml:20:5-44
MERGED from [com.google.firebase:firebase-common:16.1.0] AndroidManifest.xml:6:5-8:41
MERGED from [com.google.firebase:firebase-common:16.1.0] AndroidManifest.xml:6:5-8:41
MERGED from [com.google.firebase:firebase-iid-interop:16.0.1] AndroidManifest.xml:5:5-44
MERGED from [com.google.firebase:firebase-iid-interop:16.0.1] AndroidManifest.xml:5:5-44
MERGED from [com.google.android.gms:play-services-base:16.0.1] AndroidManifest.xml:20:5-44
MERGED from [com.google.android.gms:play-services-base:16.0.1] AndroidManifest.xml:20:5-44
MERGED from [com.google.android.gms:play-services-tasks:16.0.1] AndroidManifest.xml:5:5-44
MERGED from [com.google.android.gms:play-services-tasks:16.0.1] AndroidManifest.xml:5:5-44
MERGED from [com.google.firebase:firebase-measurement-connector:17.0.1] AndroidManifest.xml:20:5-44
MERGED from [com.google.firebase:firebase-measurement-connector:17.0.1] AndroidManifest.xml:20:5-44
MERGED from [com.google.android.gms:play-services-stats:16.0.1] AndroidManifest.xml:5:5-44
MERGED from [com.google.android.gms:play-services-stats:16.0.1] AndroidManifest.xml:5:5-44
MERGED from [com.google.android.gms:play-services-ads-identifier:15.0.1] AndroidManifest.xml:20:5-44
MERGED from [com.google.android.gms:play-services-ads-identifier:15.0.1] AndroidManifest.xml:20:5-44
MERGED from [com.google.android.gms:play-services-basement:16.0.1] AndroidManifest.xml:20:5-44
MERGED from [com.google.android.gms:play-services-basement:16.0.1] AndroidManifest.xml:20:5-44
MERGED from [com.android.support:support-v4:26.1.0] AndroidManifest.xml:21:5-23:54
MERGED from [com.android.support:support-v4:26.1.0] AndroidManifest.xml:21:5-23:54
MERGED from [androidmads.library.qrgenearator:QRGenearator:1.0.3] AndroidManifest.xml:7:5-9:41
MERGED from [androidmads.library.qrgenearator:QRGenearator:1.0.3] AndroidManifest.xml:7:5-9:41
MERGED from [com.android.support:animated-vector-drawable:25.3.1] AndroidManifest.xml:20:5-44
MERGED from [com.android.support:animated-vector-drawable:25.3.1] AndroidManifest.xml:20:5-44
MERGED from [com.android.support:support-vector-drawable:25.3.1] AndroidManifest.xml:20:5-43
MERGED from [com.android.support:support-vector-drawable:25.3.1] AndroidManifest.xml:20:5-43
MERGED from [com.android.support:recyclerview-v7:25.3.1] AndroidManifest.xml:20:5-43
MERGED from [com.android.support:recyclerview-v7:25.3.1] AndroidManifest.xml:20:5-43
MERGED from [com.android.support:support-fragment:26.1.0] AndroidManifest.xml:21:5-23:60
MERGED from [com.android.support:support-fragment:26.1.0] AndroidManifest.xml:21:5-23:60
MERGED from [com.android.support:support-core-ui:26.1.0] AndroidManifest.xml:21:5-23:58
MERGED from [com.android.support:support-core-ui:26.1.0] AndroidManifest.xml:21:5-23:58
MERGED from [com.android.support:support-media-compat:26.1.0] AndroidManifest.xml:21:5-23:63
MERGED from [com.android.support:support-media-compat:26.1.0] AndroidManifest.xml:21:5-23:63
MERGED from [com.android.support:support-core-utils:26.1.0] AndroidManifest.xml:21:5-23:61
MERGED from [com.android.support:support-core-utils:26.1.0] AndroidManifest.xml:21:5-23:61
MERGED from [com.android.support:support-compat:26.1.0] AndroidManifest.xml:21:5-23:58
MERGED from [com.android.support:support-compat:26.1.0] AndroidManifest.xml:21:5-23:58
MERGED from [com.google.android.gms:play-services-measurement-base:16.0.0] AndroidManifest.xml:20:5-44
MERGED from [com.google.android.gms:play-services-measurement-base:16.0.0] AndroidManifest.xml:20:5-44
MERGED from [android.arch.lifecycle:runtime:1.0.0] AndroidManifest.xml:20:5-22:41
MERGED from [android.arch.lifecycle:runtime:1.0.0] AndroidManifest.xml:20:5-22:41
INJECTED from src\main\AndroidManifest.xml
INJECTED from src\main\AndroidManifest.xml
	tools:overrideLibrary
		ADDED from [com.android.support:design:25.3.1] AndroidManifest.xml:23:9-59
	android:targetSdkVersion
		INJECTED from src\main\AndroidManifest.xml
		ADDED from src\main\AndroidManifest.xml
		INJECTED from src\main\AndroidManifest.xml
	android:minSdkVersion
		INJECTED from src\main\AndroidManifest.xml
		ADDED from src\main\AndroidManifest.xml
		INJECTED from src\main\AndroidManifest.xml
meta-data#android.support.VERSION
ADDED from [com.android.support:design:25.3.1] AndroidManifest.xml:25:5-27:34
MERGED from [com.android.support:appcompat-v7:25.3.1] AndroidManifest.xml:25:5-27:34
MERGED from [com.android.support:appcompat-v7:25.3.1] AndroidManifest.xml:25:5-27:34
MERGED from [com.android.support:transition:25.3.1] AndroidManifest.xml:22:5-24:34
MERGED from [com.android.support:transition:25.3.1] AndroidManifest.xml:22:5-24:34
MERGED from [com.android.support:animated-vector-drawable:25.3.1] AndroidManifest.xml:22:5-24:34
MERGED from [com.android.support:animated-vector-drawable:25.3.1] AndroidManifest.xml:22:5-24:34
MERGED from [com.android.support:support-vector-drawable:25.3.1] AndroidManifest.xml:22:5-24:34
MERGED from [com.android.support:support-vector-drawable:25.3.1] AndroidManifest.xml:22:5-24:34
MERGED from [com.android.support:recyclerview-v7:25.3.1] AndroidManifest.xml:22:5-24:34
MERGED from [com.android.support:recyclerview-v7:25.3.1] AndroidManifest.xml:22:5-24:34
MERGED from [com.android.support:support-fragment:26.1.0] AndroidManifest.xml:26:9-28:38
MERGED from [com.android.support:support-fragment:26.1.0] AndroidManifest.xml:26:9-28:38
MERGED from [com.android.support:support-core-ui:26.1.0] AndroidManifest.xml:26:9-28:38
MERGED from [com.android.support:support-core-ui:26.1.0] AndroidManifest.xml:26:9-28:38
MERGED from [com.android.support:support-media-compat:26.1.0] AndroidManifest.xml:26:9-28:38
MERGED from [com.android.support:support-media-compat:26.1.0] AndroidManifest.xml:26:9-28:38
MERGED from [com.android.support:support-core-utils:26.1.0] AndroidManifest.xml:26:9-28:38
MERGED from [com.android.support:support-core-utils:26.1.0] AndroidManifest.xml:26:9-28:38
MERGED from [com.android.support:support-compat:26.1.0] AndroidManifest.xml:26:9-28:38
MERGED from [com.android.support:support-compat:26.1.0] AndroidManifest.xml:26:9-28:38
	android:value
		ADDED from [com.android.support:design:25.3.1] AndroidManifest.xml:27:9-31
	android:name
		ADDED from [com.android.support:design:25.3.1] AndroidManifest.xml:26:9-47
uses-permission#android.permission.CAMERA
ADDED from [com.journeyapps:zxing-android-embedded:3.4.0] AndroidManifest.xml:21:5-65
	android:name
		ADDED from [com.journeyapps:zxing-android-embedded:3.4.0] AndroidManifest.xml:21:22-62
uses-feature#android.hardware.camera
ADDED from [com.journeyapps:zxing-android-embedded:3.4.0] AndroidManifest.xml:24:5-26:36
	android:required
		ADDED from [com.journeyapps:zxing-android-embedded:3.4.0] AndroidManifest.xml:26:9-33
	android:name
		ADDED from [com.journeyapps:zxing-android-embedded:3.4.0] AndroidManifest.xml:25:9-47
uses-feature#android.hardware.camera.front
ADDED from [com.journeyapps:zxing-android-embedded:3.4.0] AndroidManifest.xml:27:5-29:36
	android:required
		ADDED from [com.journeyapps:zxing-android-embedded:3.4.0] AndroidManifest.xml:29:9-33
	android:name
		ADDED from [com.journeyapps:zxing-android-embedded:3.4.0] AndroidManifest.xml:28:9-53
uses-feature#android.hardware.camera.autofocus
ADDED from [com.journeyapps:zxing-android-embedded:3.4.0] AndroidManifest.xml:32:5-34:36
	android:required
		ADDED from [com.journeyapps:zxing-android-embedded:3.4.0] AndroidManifest.xml:34:9-33
	android:name
		ADDED from [com.journeyapps:zxing-android-embedded:3.4.0] AndroidManifest.xml:33:9-57
uses-feature#android.hardware.camera.flash
ADDED from [com.journeyapps:zxing-android-embedded:3.4.0] AndroidManifest.xml:35:5-37:36
	android:required
		ADDED from [com.journeyapps:zxing-android-embedded:3.4.0] AndroidManifest.xml:37:9-33
	android:name
		ADDED from [com.journeyapps:zxing-android-embedded:3.4.0] AndroidManifest.xml:36:9-53
uses-feature#android.hardware.screen.landscape
ADDED from [com.journeyapps:zxing-android-embedded:3.4.0] AndroidManifest.xml:38:5-40:36
	android:required
		ADDED from [com.journeyapps:zxing-android-embedded:3.4.0] AndroidManifest.xml:40:9-33
	android:name
		ADDED from [com.journeyapps:zxing-android-embedded:3.4.0] AndroidManifest.xml:39:9-57
uses-feature#android.hardware.wifi
ADDED from [com.journeyapps:zxing-android-embedded:3.4.0] AndroidManifest.xml:41:5-43:36
	android:required
		ADDED from [com.journeyapps:zxing-android-embedded:3.4.0] AndroidManifest.xml:43:9-33
	android:name
		ADDED from [com.journeyapps:zxing-android-embedded:3.4.0] AndroidManifest.xml:42:9-45
activity#com.journeyapps.barcodescanner.CaptureActivity
ADDED from [com.journeyapps:zxing-android-embedded:3.4.0] AndroidManifest.xml:46:9-52:63
	android:screenOrientation
		ADDED from [com.journeyapps:zxing-android-embedded:3.4.0] AndroidManifest.xml:49:13-56
	android:clearTaskOnLaunch
		ADDED from [com.journeyapps:zxing-android-embedded:3.4.0] AndroidManifest.xml:48:13-45
	android:stateNotNeeded
		ADDED from [com.journeyapps:zxing-android-embedded:3.4.0] AndroidManifest.xml:50:13-42
	android:windowSoftInputMode
		ADDED from [com.journeyapps:zxing-android-embedded:3.4.0] AndroidManifest.xml:52:13-60
	android:theme
		ADDED from [com.journeyapps:zxing-android-embedded:3.4.0] AndroidManifest.xml:51:13-54
	android:name
		ADDED from [com.journeyapps:zxing-android-embedded:3.4.0] AndroidManifest.xml:47:13-74
service#com.google.firebase.messaging.FirebaseMessagingService
ADDED from [com.google.firebase:firebase-messaging:17.5.0] AndroidManifest.xml:28:9-34:19
	android:exported
		ADDED from [com.google.firebase:firebase-messaging:17.5.0] AndroidManifest.xml:30:13-36
	android:name
		ADDED from [com.google.firebase:firebase-messaging:17.5.0] AndroidManifest.xml:29:13-82
intent-filter#action:name:com.google.firebase.MESSAGING_EVENT
ADDED from [com.google.firebase:firebase-messaging:17.5.0] AndroidManifest.xml:31:13-33:29
	android:priority
		ADDED from [com.google.firebase:firebase-messaging:17.5.0] AndroidManifest.xml:31:28-51
action#com.google.firebase.MESSAGING_EVENT
ADDED from [com.google.firebase:firebase-messaging:17.5.0] AndroidManifest.xml:32:17-78
	android:name
		ADDED from [com.google.firebase:firebase-messaging:17.5.0] AndroidManifest.xml:32:25-75
uses-permission#android.permission.ACCESS_NETWORK_STATE
ADDED from [com.google.firebase:firebase-measurement-connector-impl:16.0.1] AndroidManifest.xml:23:5-79
MERGED from [com.google.firebase:firebase-analytics:16.0.1] AndroidManifest.xml:24:5-79
MERGED from [com.google.firebase:firebase-analytics:16.0.1] AndroidManifest.xml:24:5-79
MERGED from [com.google.firebase:firebase-analytics-impl:16.1.1] AndroidManifest.xml:24:5-79
MERGED from [com.google.firebase:firebase-analytics-impl:16.1.1] AndroidManifest.xml:24:5-79
MERGED from [com.google.firebase:firebase-iid:17.1.1] AndroidManifest.xml:22:5-79
MERGED from [com.google.firebase:firebase-iid:17.1.1] AndroidManifest.xml:22:5-79
	android:name
		ADDED from [com.google.firebase:firebase-measurement-connector-impl:16.0.1] AndroidManifest.xml:23:22-76
uses-permission#android.permission.WAKE_LOCK
ADDED from [com.google.firebase:firebase-measurement-connector-impl:16.0.1] AndroidManifest.xml:24:5-68
MERGED from [com.google.firebase:firebase-analytics:16.0.1] AndroidManifest.xml:25:5-68
MERGED from [com.google.firebase:firebase-analytics:16.0.1] AndroidManifest.xml:25:5-68
MERGED from [com.google.firebase:firebase-analytics-impl:16.1.1] AndroidManifest.xml:25:5-68
MERGED from [com.google.firebase:firebase-analytics-impl:16.1.1] AndroidManifest.xml:25:5-68
MERGED from [com.google.firebase:firebase-iid:17.1.1] AndroidManifest.xml:24:5-68
MERGED from [com.google.firebase:firebase-iid:17.1.1] AndroidManifest.xml:24:5-68
	android:name
		ADDED from [com.google.firebase:firebase-measurement-connector-impl:16.0.1] AndroidManifest.xml:24:22-65
service#com.google.firebase.components.ComponentDiscoveryService
ADDED from [com.google.firebase:firebase-measurement-connector-impl:16.0.1] AndroidManifest.xml:27:9-31:19
MERGED from [com.google.firebase:firebase-iid:17.1.1] AndroidManifest.xml:29:9-35:19
MERGED from [com.google.firebase:firebase-iid:17.1.1] AndroidManifest.xml:29:9-35:19
	android:exported
		ADDED from [com.google.firebase:firebase-iid:17.1.1] AndroidManifest.xml:31:13-37
	android:name
		ADDED from [com.google.firebase:firebase-measurement-connector-impl:16.0.1] AndroidManifest.xml:27:18-89
meta-data#com.google.firebase.components:com.google.firebase.analytics.connector.internal.AnalyticsConnectorRegistrar
ADDED from [com.google.firebase:firebase-measurement-connector-impl:16.0.1] AndroidManifest.xml:28:13-30:85
	android:value
		ADDED from [com.google.firebase:firebase-measurement-connector-impl:16.0.1] AndroidManifest.xml:30:17-82
	android:name
		ADDED from [com.google.firebase:firebase-measurement-connector-impl:16.0.1] AndroidManifest.xml:29:17-139
uses-permission#com.google.android.finsky.permission.BIND_GET_INSTALL_REFERRER_SERVICE
ADDED from [com.google.firebase:firebase-analytics:16.0.1] AndroidManifest.xml:26:5-110
MERGED from [com.google.firebase:firebase-analytics-impl:16.1.1] AndroidManifest.xml:26:5-110
MERGED from [com.google.firebase:firebase-analytics-impl:16.1.1] AndroidManifest.xml:26:5-110
	android:name
		ADDED from [com.google.firebase:firebase-analytics:16.0.1] AndroidManifest.xml:26:22-107
receiver#com.google.android.gms.measurement.AppMeasurementReceiver
ADDED from [com.google.firebase:firebase-analytics:16.0.1] AndroidManifest.xml:29:9-33:20
	android:enabled
		ADDED from [com.google.firebase:firebase-analytics:16.0.1] AndroidManifest.xml:31:13-35
	android:exported
		ADDED from [com.google.firebase:firebase-analytics:16.0.1] AndroidManifest.xml:32:13-37
	android:name
		ADDED from [com.google.firebase:firebase-analytics:16.0.1] AndroidManifest.xml:30:13-85
receiver#com.google.android.gms.measurement.AppMeasurementInstallReferrerReceiver
ADDED from [com.google.firebase:firebase-analytics:16.0.1] AndroidManifest.xml:34:9-42:20
MERGED from [com.google.firebase:firebase-analytics-impl:16.1.1] AndroidManifest.xml:29:9-37:20
MERGED from [com.google.firebase:firebase-analytics-impl:16.1.1] AndroidManifest.xml:29:9-37:20
	android:enabled
		ADDED from [com.google.firebase:firebase-analytics:16.0.1] AndroidManifest.xml:36:13-35
	android:exported
		ADDED from [com.google.firebase:firebase-analytics:16.0.1] AndroidManifest.xml:37:13-36
	android:permission
		ADDED from [com.google.firebase:firebase-analytics:16.0.1] AndroidManifest.xml:38:13-69
	android:name
		ADDED from [com.google.firebase:firebase-analytics:16.0.1] AndroidManifest.xml:35:13-100
intent-filter#action:name:com.android.vending.INSTALL_REFERRER
ADDED from [com.google.firebase:firebase-analytics:16.0.1] AndroidManifest.xml:39:13-41:29
action#com.android.vending.INSTALL_REFERRER
ADDED from [com.google.firebase:firebase-analytics:16.0.1] AndroidManifest.xml:40:17-79
	android:name
		ADDED from [com.google.firebase:firebase-analytics:16.0.1] AndroidManifest.xml:40:25-76